<?xml version="1.0" encoding="UTF-8"?>
<!-- Generated by org.testng.reporters.JUnitReportReporter -->
<testsuite hostname="LAPTOP-LD98MK4F" failures="0" tests="1" name="org.Manipal.base.BaseConfiguration" time="10.529" errors="0" timestamp="2023-06-06T13:04:05 IST" skipped="0">
  <testcase classname="org.Manipal.base.BaseConfiguration" name="getDriver" time="10.529"/>
  <system-out/>
</testsuite> <!-- org.Manipal.base.BaseConfiguration -->
