<?xml version="1.0" encoding="UTF-8"?>
<!-- Generated by org.testng.reporters.JUnitReportReporter -->
<testsuite hostname="LAPTOP-LD98MK4F" failures="0" tests="2" name="TestNG.FirstScript_TestNG" time="0.019" errors="0" timestamp="2023-06-06T13:01:55 IST" skipped="0">
  <testcase classname="TestNG.FirstScript_TestNG" name="TestCase1" time="0.008"/>
  <system-out/>
  <testcase classname="TestNG.FirstScript_TestNG" name="TestCase" time="0.011"/>
  <system-out/>
</testsuite> <!-- TestNG.FirstScript_TestNG -->
