<?xml version="1.0" encoding="UTF-8"?>
<!-- Generated by org.testng.reporters.JUnitReportReporter -->
<testsuite hostname="LAPTOP-LD98MK4F" failures="0" tests="1" name="org.Manipal.testCases.TestCase1" time="2.895" errors="0" timestamp="2023-06-06T17:15:02 IST" skipped="0">
  <testcase classname="org.Manipal.testCases.TestCase1" name="scenario1" time="2.895"/>
  <system-out/>
</testsuite> <!-- org.Manipal.testCases.TestCase1 -->
