<?xml version="1.0" encoding="UTF-8"?>
<!-- Generated by org.testng.reporters.JUnitReportReporter -->
<testsuite hostname="LAPTOP-LD98MK4F" failures="0" tests="1" name="TestNG.TestNG" time="0.029" errors="0" timestamp="06 Jun 2023 04:57:53 GMT" skipped="0">
  <testcase classname="TestNG.TestNG" name="TestNGP2" time="0.029"/>
</testsuite> <!-- TestNG.TestNG -->
